14-09-2022 13:50:18 - [HTTP] - It worked! At getNames - Program
14-09-2022 13:53:18 - [HTTP] - It worked! At getNames - Program
14-09-2022 13:53:18 - [HTTP] - It worked! At getAll - Subject
14-09-2022 14:08:12 - [HTTP] - It worked! At getAll - Subject
14-09-2022 14:08:12 - [HTTP] - It worked! At getNames - Program
14-09-2022 14:08:35 - [HTTP] - It worked! Create succsesfull. At post - Subject
14-09-2022 14:09:24 - [HTTP] - It worked! At getNames - Program
14-09-2022 14:09:24 - [HTTP] - It worked! At getAll - Subject
14-09-2022 14:09:42 - [HTTP] - It worked! Create succsesfull. At post - Subject
14-09-2022 16:18:33 - [HTTP] - It worked! At getAll - Subject
14-09-2022 16:19:34 - [HTTP] - It worked! At getAll - Subject
14-09-2022 16:34:00 - [HTTP] - It worked! At getAll - Subject
14-09-2022 16:34:38 - [HTTP] - It worked! At getNames - Program
14-09-2022 16:34:38 - [HTTP] - It worked! At getAll - Subject
14-09-2022 16:36:45 - [HTTP] - It worked! At getAll - Subject
14-09-2022 16:37:51 - [HTTP] - It worked! At getNames - Program
14-09-2022 16:37:51 - [HTTP] - It worked! At getAll - Subject
15-09-2022 09:33:22 - [HTTP] - getNames succsesfull- Program
15-09-2022 09:33:22 - [HTTP] - getAll succsesfull - Subject
15-09-2022 10:06:01 - [HTTP] - getAll succsesfull - Subject
15-09-2022 10:33:31 - [HTTP] - getAll succsesfull - Subject
15-09-2022 10:33:44 - [HTTP] - getAll succsesfull - Subject
15-09-2022 10:39:47 - [HTTP] - getAll succsesfull - Subject
15-09-2022 10:40:47 - [HTTP] - getAll succsesfull - Subject
15-09-2022 11:04:20 - [HTTP] - getAll succsesfull - Subject
15-09-2022 11:21:27 - [HTTP] - Delete succsesfull - Subject
15-09-2022 11:22:59 - [HTTP] - getAll succsesfull - Subject
15-09-2022 11:23:07 - [HTTP] - Delete succsesfull - Subject
15-09-2022 11:23:11 - [HTTP] - getAll succsesfull - Subject
15-09-2022 11:23:11 - [HTTP] - getNames succsesfull- Program
15-09-2022 11:25:14 - [HTTP] - getAll succsesfull - Subject
15-09-2022 12:24:45 - [HTTP] - Update succsesfull - Subject
15-09-2022 12:30:57 - [HTTP] - getNames succsesfull- Program
15-09-2022 12:30:57 - [HTTP] - getAll succsesfull - Subject
